TN:
SF:app.js
FNF:0
FNH:0
DA:1,3
DA:2,3
DA:3,3
DA:4,3
DA:5,3
DA:6,3
DA:7,3
DA:9,3
DA:10,3
DA:12,3
DA:13,3
DA:14,3
DA:15,3
DA:16,3
DA:17,3
DA:20,3
DA:23,3
DA:25,3
LF:18
LH:18
BRF:0
BRH:0
end_of_record
TN:
SF:controllers\hotelController.js
FN:6,(anonymous_0)
FN:30,(anonymous_1)
FN:42,(anonymous_2)
FN:72,(anonymous_3)
FN:87,(anonymous_4)
FNF:5
FNH:3
FNDA:11,(anonymous_0)
FNDA:2,(anonymous_1)
FNDA:0,(anonymous_2)
FNDA:1,(anonymous_3)
FNDA:0,(anonymous_4)
DA:1,3
DA:2,3
DA:3,3
DA:6,3
DA:7,11
DA:8,11
DA:11,11
DA:12,3
DA:15,8
DA:22,8
DA:23,8
DA:25,0
DA:30,3
DA:31,2
DA:33,2
DA:35,2
DA:37,0
DA:42,3
DA:43,0
DA:44,0
DA:45,0
DA:48,0
DA:49,0
DA:53,0
DA:54,0
DA:55,0
DA:58,0
DA:64,0
DA:65,0
DA:67,0
DA:72,3
DA:73,1
DA:74,1
DA:79,1
DA:80,1
DA:82,0
DA:87,3
DA:88,0
DA:89,0
DA:91,0
DA:120,0
DA:121,0
DA:123,0
DA:127,3
LF:44
LH:23
BRDA:11,0,0,3
BRDA:11,0,1,8
BRDA:11,1,0,11
BRDA:11,1,1,10
BRDA:11,1,2,10
BRDA:11,1,3,8
BRDA:48,2,0,0
BRDA:48,2,1,0
BRDA:48,3,0,0
BRDA:48,3,1,0
BRDA:48,3,2,0
BRDA:54,4,0,0
BRDA:54,4,1,0
BRF:13
BRH:6
end_of_record
TN:
SF:middleware\errorHandler.js
FN:1,(anonymous_0)
FNF:1
FNH:1
FNDA:1,(anonymous_0)
DA:1,3
DA:2,1
DA:8,3
LF:3
LH:3
BRDA:2,0,0,1
BRDA:2,0,1,0
BRDA:3,1,0,1
BRDA:3,1,1,0
BRDA:4,2,0,0
BRDA:4,2,1,1
BRF:6
BRH:3
end_of_record
TN:
SF:models\hotel.js
FNF:0
FNH:0
DA:1,5
DA:3,5
DA:10,5
DA:12,5
LF:4
LH:4
BRF:0
BRH:0
end_of_record
TN:
SF:models\review.js
FNF:0
FNH:0
DA:1,4
DA:3,4
DA:9,4
DA:11,4
LF:4
LH:4
BRF:0
BRH:0
end_of_record
TN:
SF:routes\hotelRoutes.js
FNF:0
FNH:0
DA:1,3
DA:2,3
DA:3,3
DA:6,3
DA:9,3
DA:12,3
DA:15,3
DA:18,3
DA:20,3
LF:9
LH:9
BRF:0
BRH:0
end_of_record
